2025-01-27 08:34:38	4625	Microsoft-Windows-Security-Auditing	Monitora_Users.View.LogEntry
2025-01-27 08:34:39	4625	Microsoft-Windows-Security-Auditing	Monitora_Users.View.LogEntry
2025-01-27 08:34:41	4634	Microsoft-Windows-Security-Auditing	Monitora_Users.View.LogEntry
2025-01-27 08:34:41	4634	Microsoft-Windows-Security-Auditing	Monitora_Users.View.LogEntry
2025-01-27 08:34:41	4634	Microsoft-Windows-Security-Auditing	Monitora_Users.View.LogEntry
2025-01-27 08:34:41	4634	Microsoft-Windows-Security-Auditing	Monitora_Users.View.LogEntry
2025-01-27 08:34:41	4624	Microsoft-Windows-Security-Auditing	Monitora_Users.View.LogEntry
2025-01-27 08:34:41	4624	Microsoft-Windows-Security-Auditing	Monitora_Users.View.LogEntry
2025-01-27 08:34:41	4624	Microsoft-Windows-Security-Auditing	Monitora_Users.View.LogEntry
2025-01-27 08:34:41	4624	Microsoft-Windows-Security-Auditing	Monitora_Users.View.LogEntry
2025-01-27 10:36:23	4624	Microsoft-Windows-Security-Auditing	Monitora_Users.View.LogEntry
2025-01-27 10:36:23	4624	Microsoft-Windows-Security-Auditing	Monitora_Users.View.LogEntry
2025-01-27 10:36:28	4625	Microsoft-Windows-Security-Auditing	Monitora_Users.View.LogEntry
2025-01-27 10:36:30	4634	Microsoft-Windows-Security-Auditing	Monitora_Users.View.LogEntry
2025-01-27 10:36:30	4634	Microsoft-Windows-Security-Auditing	Monitora_Users.View.LogEntry
2025-01-27 10:36:30	4634	Microsoft-Windows-Security-Auditing	Monitora_Users.View.LogEntry
2025-01-27 10:36:30	4634	Microsoft-Windows-Security-Auditing	Monitora_Users.View.LogEntry
2025-01-27 10:36:30	4624	Microsoft-Windows-Security-Auditing	Monitora_Users.View.LogEntry
2025-01-27 10:36:30	4624	Microsoft-Windows-Security-Auditing	Monitora_Users.View.LogEntry
2025-01-27 10:36:30	4624	Microsoft-Windows-Security-Auditing	Monitora_Users.View.LogEntry
2025-01-27 10:36:30	4624	Microsoft-Windows-Security-Auditing	Monitora_Users.View.LogEntry
2025-01-27 11:41:16	4634	Microsoft-Windows-Security-Auditing	Monitora_Users.View.LogEntry
2025-01-27 11:41:16	4634	Microsoft-Windows-Security-Auditing	Monitora_Users.View.LogEntry
2025-01-27 11:41:16	4624	Microsoft-Windows-Security-Auditing	Monitora_Users.View.LogEntry
2025-01-27 11:41:16	4624	Microsoft-Windows-Security-Auditing	Monitora_Users.View.LogEntry
2025-01-27 11:41:16	4624	Microsoft-Windows-Security-Auditing	Monitora_Users.View.LogEntry
2025-01-27 11:41:16	4624	Microsoft-Windows-Security-Auditing	Monitora_Users.View.LogEntry
2025-01-27 20:36:05	4634	Microsoft-Windows-Security-Auditing	Monitora_Users.View.LogEntry
2025-01-27 20:36:05	4634	Microsoft-Windows-Security-Auditing	Monitora_Users.View.LogEntry
2025-01-27 20:36:05	4634	Microsoft-Windows-Security-Auditing	Monitora_Users.View.LogEntry
2025-01-27 20:36:05	4634	Microsoft-Windows-Security-Auditing	Monitora_Users.View.LogEntry
2025-01-27 20:36:05	4624	Microsoft-Windows-Security-Auditing	Monitora_Users.View.LogEntry
2025-01-27 20:36:05	4624	Microsoft-Windows-Security-Auditing	Monitora_Users.View.LogEntry
2025-01-27 20:36:05	4624	Microsoft-Windows-Security-Auditing	Monitora_Users.View.LogEntry
2025-01-27 20:36:05	4624	Microsoft-Windows-Security-Auditing	Monitora_Users.View.LogEntry
